  Source(Play).cpp
C:\Users\jmdon\OneDrive\Desktop\CS330 Ver 2\Master\OpenGLSample\OpenGLSample\OpenGLSample\shader.h(55,34): warning C4101: 'e': unreferenced local variable
C:\Users\jmdon\OneDrive\Desktop\CS330 Ver 2\Master\OpenGLSample\OpenGLSample\OpenGLSample\Source(Play).cpp(574,22): warning C4244: 'initializing': conversion from 'double' to 'float', possible loss of data
C:\Users\jmdon\OneDrive\Desktop\CS330 Ver 2\Master\OpenGLSample\OpenGLSample\OpenGLSample\Source(Play).cpp(609,56): warning C4305: 'argument': truncation from 'double' to 'float'
C:\Users\jmdon\OneDrive\Desktop\CS330 Ver 2\Master\OpenGLSample\OpenGLSample\OpenGLSample\Source(Play).cpp(610,60): warning C4305: 'argument': truncation from 'double' to 'float'
C:\Users\jmdon\OneDrive\Desktop\CS330 Ver 2\Master\OpenGLSample\OpenGLSample\OpenGLSample\Source(Play).cpp(617,56): warning C4305: 'argument': truncation from 'double' to 'float'
C:\Users\jmdon\OneDrive\Desktop\CS330 Ver 2\Master\OpenGLSample\OpenGLSample\OpenGLSample\Source(Play).cpp(618,60): warning C4305: 'argument': truncation from 'double' to 'float'
C:\Users\jmdon\OneDrive\Desktop\CS330 Ver 2\Master\OpenGLSample\OpenGLSample\OpenGLSample\Source(Play).cpp(625,56): warning C4305: 'argument': truncation from 'double' to 'float'
C:\Users\jmdon\OneDrive\Desktop\CS330 Ver 2\Master\OpenGLSample\OpenGLSample\OpenGLSample\Source(Play).cpp(626,60): warning C4305: 'argument': truncation from 'double' to 'float'
C:\Users\jmdon\OneDrive\Desktop\CS330 Ver 2\Master\OpenGLSample\OpenGLSample\OpenGLSample\Source(Play).cpp(634,56): warning C4305: 'argument': truncation from 'double' to 'float'
C:\Users\jmdon\OneDrive\Desktop\CS330 Ver 2\Master\OpenGLSample\OpenGLSample\OpenGLSample\Source(Play).cpp(635,60): warning C4305: 'argument': truncation from 'double' to 'float'
C:\Users\jmdon\OneDrive\Desktop\CS330 Ver 2\Master\OpenGLSample\OpenGLSample\OpenGLSample\Source(Play).cpp(643,51): warning C4305: 'argument': truncation from 'double' to 'float'
C:\Users\jmdon\OneDrive\Desktop\CS330 Ver 2\Master\OpenGLSample\OpenGLSample\OpenGLSample\Source(Play).cpp(644,55): warning C4305: 'argument': truncation from 'double' to 'float'
C:\Users\jmdon\OneDrive\Desktop\CS330 Ver 2\Master\OpenGLSample\OpenGLSample\OpenGLSample\Source(Play).cpp(1055,11): warning C4244: '=': conversion from 'double' to 'float', possible loss of data
C:\Users\jmdon\OneDrive\Desktop\CS330 Ver 2\Master\OpenGLSample\OpenGLSample\OpenGLSample\Source(Play).cpp(1056,11): warning C4244: '=': conversion from 'double' to 'float', possible loss of data
C:\Users\jmdon\OneDrive\Desktop\CS330 Ver 2\Master\OpenGLSample\OpenGLSample\OpenGLSample\Source(Play).cpp(1060,16): warning C4244: 'initializing': conversion from 'double' to 'float', possible loss of data
C:\Users\jmdon\OneDrive\Desktop\CS330 Ver 2\Master\OpenGLSample\OpenGLSample\OpenGLSample\Source(Play).cpp(1061,16): warning C4244: 'initializing': conversion from 'double' to 'float', possible loss of data
C:\Users\jmdon\OneDrive\Desktop\CS330 Ver 2\Master\OpenGLSample\OpenGLSample\OpenGLSample\Source(Play).cpp(1063,10): warning C4244: '=': conversion from 'double' to 'float', possible loss of data
C:\Users\jmdon\OneDrive\Desktop\CS330 Ver 2\Master\OpenGLSample\OpenGLSample\OpenGLSample\Source(Play).cpp(1064,10): warning C4244: '=': conversion from 'double' to 'float', possible loss of data
C:\Users\jmdon\OneDrive\Desktop\CS330 Ver 2\Master\OpenGLSample\OpenGLSample\OpenGLSample\Source(Play).cpp(1073,28): warning C4244: 'argument': conversion from 'double' to 'float', possible loss of data
  OpenGLSample.vcxproj -> C:\Users\jmdon\OneDrive\Desktop\CS330 Ver 2\Master\OpenGLSample\OpenGLSample\Debug\OpenGLSample.exe
